
> dashboard-odonto@0.1.0 build
> react-scripts build

[baseline-browser-mapping] The data in this module is over two months old.  To ensure accurate Baseline data, please update: `npm i baseline-browser-mapping@latest -D`
(node:21248) [DEP0176] DeprecationWarning: fs.F_OK is deprecated, use fs.constants.F_OK instead
(Use `node --trace-deprecation ...` to show where the warning was created)
Creating an optimized production build...
[baseline-browser-mapping] The data in this module is over two months old.  To ensure accurate Baseline data, please update: `npm i baseline-browser-mapping@latest -D`
[baseline-browser-mapping] The data in this module is over two months old.  To ensure accurate Baseline data, please update: `npm i baseline-browser-mapping@latest -D`
[baseline-browser-mapping] The data in this module is over two months old.  To ensure accurate Baseline data, please update: `npm i baseline-browser-mapping@latest -D`
[baseline-browser-mapping] The data in this module is over two months old.  To ensure accurate Baseline data, please update: `npm i baseline-browser-mapping@latest -D`
[baseline-browser-mapping] The data in this module is over two months old.  To ensure accurate Baseline data, please update: `npm i baseline-browser-mapping@latest -D`
[baseline-browser-mapping] The data in this module is over two months old.  To ensure accurate Baseline data, please update: `npm i baseline-browser-mapping@latest -D`
[baseline-browser-mapping] The data in this module is over two months old.  To ensure accurate Baseline data, please update: `npm i baseline-browser-mapping@latest -D`
[baseline-browser-mapping] The data in this module is over two months old.  To ensure accurate Baseline data, please update: `npm i baseline-browser-mapping@latest -D`
[baseline-browser-mapping] The data in this module is over two months old.  To ensure accurate Baseline data, please update: `npm i baseline-browser-mapping@latest -D`
[baseline-browser-mapping] The data in this module is over two months old.  To ensure accurate Baseline data, please update: `npm i baseline-browser-mapping@latest -D`
[baseline-browser-mapping] The data in this module is over two months old.  To ensure accurate Baseline data, please update: `npm i baseline-browser-mapping@latest -D`
Compiled with warnings.

[eslint] 
src\modules\pagamento\components\ModalPagamentoPix.tsx
  Line 289:6:  React Hook useEffect has a missing dependency: 'iniciarPagamento'. Either include it or remove the dependency array  react-hooks/exhaustive-deps
  Line 297:6:  React Hook useEffect has a missing dependency: 'verificarStatus'. Either include it or remove the dependency array   react-hooks/exhaustive-deps

src\pages\Modulos\Usuarios\UsersPage\UsersPage.tsx
  Line 343:6:   React Hook useEffect has a missing dependency: 'fetchUsers'. Either include it or remove the dependency array  react-hooks/exhaustive-deps
  Line 478:36:  Unnecessary escape character: \"                                                                               no-useless-escape
  Line 478:41:  Unnecessary escape character: \"                                                                               no-useless-escape
  Line 478:53:  Unnecessary escape character: \"                                                                               no-useless-escape
  Line 478:60:  Unnecessary escape character: \"                                                                               no-useless-escape

src\pages\Modulos\agendamentos\AgendamentosPage\AgendamentosPage.tsx
  Line 1:1:  Unexpected Unicode BOM (Byte Order Mark)  unicode-bom

src\pages\Modulos\cadastros\Cargos\components\CargosList.tsx
  Line 26:10:  '_lastPage' is assigned a value but never used                                                                                     @typescript-eslint/no-unused-vars
  Line 27:10:  '_total' is assigned a value but never used                                                                                        @typescript-eslint/no-unused-vars
  Line 50:6:   React Hook useCallback has unnecessary dependencies: 'sortBy' and 'sortOrder'. Either exclude them or remove the dependency array  react-hooks/exhaustive-deps

src\pages\Modulos\cadastros\Convenios\ConveniosPage.tsx
  Line 1:1:  Unexpected Unicode BOM (Byte Order Mark)  unicode-bom

src\pages\Modulos\cadastros\FormasPagamento\FormasPagamentoPage.tsx
  Line 1:1:  Unexpected Unicode BOM (Byte Order Mark)  unicode-bom

src\pages\Modulos\cadastros\Fornecedores\components\FornecedoresList.tsx
  Line 144:6:  React Hook useCallback has a missing dependency: 'mapApiToFornecedor'. Either include it or remove the dependency array  react-hooks/exhaustive-deps

src\pages\Modulos\cadastros\GruposAnamnese\GruposAnamnesePage.tsx
  Line 1:1:  Unexpected Unicode BOM (Byte Order Mark)  unicode-bom

src\pages\Modulos\cadastros\ItensAnamnese\ItensAnamnesePage.tsx
  Line 1:1:  Unexpected Unicode BOM (Byte Order Mark)  unicode-bom

src\pages\Modulos\cadastros\Procedimentos\ProcedimentosPage.tsx
  Line 1:1:  Unexpected Unicode BOM (Byte Order Mark)  unicode-bom

src\pages\Modulos\clientes\PatientTable\AddPatientForm.tsx
  Line 114:18:  'setCidade' is assigned a value but never used  @typescript-eslint/no-unused-vars

src\pages\Modulos\clientes\PatientsPage\PatientsPage.tsx
  Line 649:7:  'fakePatients' is assigned a value but never used                                                                 @typescript-eslint/no-unused-vars
  Line 933:6:  React Hook useEffect has a missing dependency: 'fetchPatients'. Either include it or remove the dependency array  react-hooks/exhaustive-deps

Search for the keywords to learn more about each warning.
To ignore, add // eslint-disable-next-line to the line before.

File sizes after gzip:

  141.4 kB   build\static\js\main.9c730806.js
  103.61 kB  build\static\js\650.b4b71e4c.chunk.js
  92.55 kB   build\static\js\271.6f71eddb.chunk.js
  24.58 kB   build\static\js\210.807499ef.chunk.js
  22.32 kB   build\static\css\main.5f4929ea.css
  9.55 kB    build\static\js\160.bbd5b421.chunk.js
  8.49 kB    build\static\js\120.02bf6f83.chunk.js
  7.42 kB    build\static\js\353.29ea758d.chunk.js
  6.26 kB    build\static\js\666.061b9c91.chunk.js
  6.14 kB    build\static\js\172.06c25653.chunk.js
  6.13 kB    build\static\js\363.bad78471.chunk.js
  6.11 kB    build\static\js\530.75e9d5f1.chunk.js
  5.82 kB    build\static\js\966.06492938.chunk.js
  5.71 kB    build\static\js\292.b417ae71.chunk.js
  5.65 kB    build\static\js\239.ceb35c8b.chunk.js
  5.56 kB    build\static\js\984.6681ec3e.chunk.js
  5.44 kB    build\static\js\739.6d12be1d.chunk.js
  5.4 kB     build\static\js\149.5e3492d4.chunk.js
  5.06 kB    build\static\js\567.d3938e76.chunk.js
  5 kB       build\static\js\73.62e9c9e1.chunk.js
  4.47 kB    build\static\js\394.e91ef095.chunk.js
  4.34 kB    build\static\js\136.2c0f188f.chunk.js
  4.34 kB    build\static\js\313.9014f878.chunk.js
  4.17 kB    build\static\css\966.681f4741.chunk.css
  4.15 kB    build\static\js\337.5733085f.chunk.js
  4.12 kB    build\static\js\354.94ce8144.chunk.js
  3.64 kB    build\static\js\179.c70bb98b.chunk.js
  3.6 kB     build\static\css\239.18f1a35d.chunk.css
  3.58 kB    build\static\js\152.c4cba6fa.chunk.js
  3.44 kB    build\static\js\687.e212b9f5.chunk.js
  3.39 kB    build\static\js\278.be17da64.chunk.js
  3.31 kB    build\static\js\864.b57534cb.chunk.js
  2.97 kB    build\static\js\163.66570cca.chunk.js
  2.94 kB    build\static\js\369.86510f8d.chunk.js
  2.93 kB    build\static\js\801.508a5ff1.chunk.js
  2.91 kB    build\static\css\439.0918d23f.chunk.css
  2.88 kB    build\static\js\575.0d80689b.chunk.js
  2.85 kB    build\static\js\439.ae943822.chunk.js
  2.45 kB    build\static\js\592.f0183699.chunk.js
  2.14 kB    build\static\css\575.50db3e81.chunk.css
  1.98 kB    build\static\css\984.2484884f.chunk.css
  1.89 kB    build\static\css\801.1f5f5c68.chunk.css
  1.88 kB    build\static\css\163.a2d6f62b.chunk.css
  1.87 kB    build\static\css\179.b7b488e4.chunk.css
  1.86 kB    build\static\css\369.c046d20a.chunk.css
  1.83 kB    build\static\css\278.a9289a87.chunk.css
  1.81 kB    build\static\css\687.9a7cb810.chunk.css
  1.78 kB    build\static\css\152.8b05fb66.chunk.css
  1.77 kB    build\static\css\160.a5d08cbf.chunk.css
  1.77 kB    build\static\css\864.cb6a218d.chunk.css
  1.76 kB    build\static\css\394.14799ab9.chunk.css
  1.74 kB    build\static\js\504.e49eafd3.chunk.js
  1.66 kB    build\static\js\858.475165e3.chunk.js
  1.64 kB    build\static\css\858.a57bbb65.chunk.css
  1.63 kB    build\static\css\504.dcaa391a.chunk.css
  1.45 kB    build\static\css\455.eb9af719.chunk.css
  1.32 kB    build\static\js\191.172a073f.chunk.js
  1.27 kB    build\static\css\67.0cdde7cc.chunk.css
  1.26 kB    build\static\js\733.eaa8a3d9.chunk.js
  1.26 kB    build\static\css\191.63badcbe.chunk.css
  1.17 kB    build\static\js\401.372edc64.chunk.js
  1.1 kB     build\static\css\733.0c32cbb2.chunk.css
  1.05 kB    build\static\css\120.5a8b62c4.chunk.css
  840 B      build\static\js\435.872c1d65.chunk.js
  795 B      build\static\css\401.51074c04.chunk.css
  789 B      build\static\js\455.23db849c.chunk.js
  765 B      build\static\js\67.c26307de.chunk.js
  435 B      build\static\js\347.abed6164.chunk.js
  117 B      build\static\js\206.c9f9a92d.chunk.js

The project was built assuming it is hosted at /.
You can control this with the homepage field in your package.json.

The build folder is ready to be deployed.
You may serve it with a static server:

  npm install -g serve
  serve -s build

Find out more about deployment here:

  https://cra.link/deployment

